Build started 5/11/2015 10:56:56 AM.
     1>Project "D:\Workspace\Advanced Multicore Systems\AMS\Lab2\workspace\HelloWorld\HelloWorld\HelloWorld.vcxproj" on node 2 (build target(s)).
     1>PrepareForBuild:
         Creating directory "D:\Workspace\Advanced Multicore Systems\AMS\Lab2\workspace\HelloWorld\x64\Debug\".
       InitializeBuildStatus:
         Creating "x64\Debug\HelloWorld.unsuccessfulbuild" because "AlwaysCreate" was specified.
       AddCudaCompileDeps:
         c:\Program Files (x86)\Microsoft Visual Studio 10.0\VC\bin\x86_amd64\cl.exe /E /nologo /showIncludes /TP /D__CUDACC__ /DWIN32 /DWIN64 /D_DEBUG /D_CONSOLE /D_MBCS /I"C:\Program Files\NVIDIA GPU Computing Toolkit\CUDA\v7.0\include" /I"C:\Program Files\NVIDIA GPU Computing Toolkit\CUDA\v7.0\bin" /I"C:\Program Files\NVIDIA GPU Computing Toolkit\CUDA\v7.0\include" /I. /FIcuda_runtime.h /c "D:\Workspace\Advanced Multicore Systems\AMS\Lab2\workspace\HelloWorld\HelloWorld\kernel.cu" 
       CudaBuild:
         Compiling CUDA source file kernel.cu...
         cmd.exe /C "C:\Users\Tudor\AppData\Local\Temp\tmpced64b0ad52644d69aec17114783c423.cmd"
         "C:\Program Files\NVIDIA GPU Computing Toolkit\CUDA\v7.0\bin\nvcc.exe" -gencode=arch=compute_20,code=\"sm_20,compute_20\" --use-local-env --cl-version 2010 -ccbin "c:\Program Files (x86)\Microsoft Visual Studio 10.0\VC\bin\x86_amd64"  -I"C:\Program Files\NVIDIA GPU Computing Toolkit\CUDA\v7.0\include" -I"C:\Program Files\NVIDIA GPU Computing Toolkit\CUDA\v7.0\include"  -G   --keep-dir x64\Debug -maxrregcount=0  --machine 64 --compile -cudart static  -g   -DWIN32 -DWIN64 -D_DEBUG -D_CONSOLE -D_MBCS -Xcompiler "/EHsc /W3 /nologo /Od /Zi /RTC1 /MDd  " -o x64\Debug\kernel.cu.obj "D:\Workspace\Advanced Multicore Systems\AMS\Lab2\workspace\HelloWorld\HelloWorld\kernel.cu"
         
         D:\Workspace\Advanced Multicore Systems\AMS\Lab2\workspace\HelloWorld\HelloWorld>"C:\Program Files\NVIDIA GPU Computing Toolkit\CUDA\v7.0\bin\nvcc.exe" -gencode=arch=compute_20,code=\"sm_20,compute_20\" --use-local-env --cl-version 2010 -ccbin "c:\Program Files (x86)\Microsoft Visual Studio 10.0\VC\bin\x86_amd64"  -I"C:\Program Files\NVIDIA GPU Computing Toolkit\CUDA\v7.0\include" -I"C:\Program Files\NVIDIA GPU Computing Toolkit\CUDA\v7.0\include"  -G   --keep-dir x64\Debug -maxrregcount=0  --machine 64 --compile -cudart static  -g   -DWIN32 -DWIN64 -D_DEBUG -D_CONSOLE -D_MBCS -Xcompiler "/EHsc /W3 /nologo /Od /Zi /RTC1 /MDd  " -o x64\Debug\kernel.cu.obj "D:\Workspace\Advanced Multicore Systems\AMS\Lab2\workspace\HelloWorld\HelloWorld\kernel.cu" 
         kernel.cu
       ManifestResourceCompile:
         c:\Program Files (x86)\Microsoft SDKs\Windows\v7.0A\bin\rc.exe /nologo /fo"x64\Debug\HelloWorld.exe.embed.manifest.res" x64\Debug\HelloWorld_manifest.rc 
       Link:
         c:\Program Files (x86)\Microsoft Visual Studio 10.0\VC\bin\x86_amd64\link.exe /ERRORREPORT:PROMPT /OUT:"D:\Workspace\Advanced Multicore Systems\AMS\Lab2\workspace\HelloWorld\x64\Debug\HelloWorld.exe" /INCREMENTAL /NOLOGO /LIBPATH:"C:\Program Files\NVIDIA GPU Computing Toolkit\CUDA\v7.0\lib\x64" cudart.lib kernel32.lib user32.lib gdi32.lib winspool.lib comdlg32.lib advapi32.lib shell32.lib ole32.lib oleaut32.lib uuid.lib odbc32.lib odbccp32.lib kernel32.lib user32.lib gdi32.lib winspool.lib comdlg32.lib advapi32.lib shell32.lib ole32.lib oleaut32.lib uuid.lib odbc32.lib odbccp32.lib /MANIFEST /ManifestFile:"x64\Debug\HelloWorld.exe.intermediate.manifest" /MANIFESTUAC:"level='asInvoker' uiAccess='false'" /DEBUG /PDB:"D:\Workspace\Advanced Multicore Systems\AMS\Lab2\workspace\HelloWorld\x64\Debug\HelloWorld.pdb" /SUBSYSTEM:CONSOLE /TLBID:1 /DYNAMICBASE /NXCOMPAT /IMPLIB:"D:\Workspace\Advanced Multicore Systems\AMS\Lab2\workspace\HelloWorld\x64\Debug\HelloWorld.lib" /MACHINE:X64 x64\Debug\kernel.cu.obj
         x64\Debug\HelloWorld.exe.embed.manifest.res
     1>LINK : fatal error LNK1123: failure during conversion to COFF: file invalid or corrupt
     1>Done Building Project "D:\Workspace\Advanced Multicore Systems\AMS\Lab2\workspace\HelloWorld\HelloWorld\HelloWorld.vcxproj" (build target(s)) -- FAILED.

Build FAILED.

Time Elapsed 00:00:10.67
