Build started 5/14/2015 8:34:18 PM.
     1>Project "D:\Workspace\Advanced Multicore Systems\AMS\Lab2\Lab2shareable\Assignment2\Assignment2\Assignment2.vcxproj" on node 2 (build target(s)).
     1>InitializeBuildStatus:
         Creating "Debug\Assignment2.unsuccessfulbuild" because "AlwaysCreate" was specified.
       AddCudaCompileDeps:
       Skipping target "AddCudaCompileDeps" because all output files are up-to-date with respect to the input files.
       AddCudaCompilePropsDeps:
       Skipping target "AddCudaCompilePropsDeps" because all output files are up-to-date with respect to the input files.
       CudaBuild:
       Skipping target "CudaBuild" because all output files are up-to-date with respect to the input files.
       ClCompile:
         c:\Program Files (x86)\Microsoft Visual Studio 10.0\VC\bin\CL.exe /c /I"C:\Program Files\NVIDIA GPU Computing Toolkit\CUDA\v7.0\include" /ZI /nologo /W3 /WX- /Od /Oy- /D WIN32 /D _DEBUG /D _CONSOLE /D _MBCS /Gm /EHsc /RTC1 /MDd /GS /fp:precise /Zc:wchar_t /Zc:forScope /Fo"Debug\\" /Fd"Debug\vc100.pdb" /Gd /TP /analyze- /errorReport:prompt ..\..\main.cpp
         main.cpp
       Link:
         c:\Program Files (x86)\Microsoft Visual Studio 10.0\VC\bin\link.exe /ERRORREPORT:PROMPT /OUT:"D:\Workspace\Advanced Multicore Systems\AMS\Lab2\Lab2shareable\Assignment2\Debug\Assignment2.exe" /INCREMENTAL:NO /NOLOGO /LIBPATH:"C:\Program Files\NVIDIA GPU Computing Toolkit\CUDA\v7.0\lib\Win32" cudart.lib kernel32.lib user32.lib gdi32.lib winspool.lib comdlg32.lib advapi32.lib shell32.lib ole32.lib oleaut32.lib uuid.lib odbc32.lib odbccp32.lib kernel32.lib user32.lib gdi32.lib winspool.lib comdlg32.lib advapi32.lib shell32.lib ole32.lib oleaut32.lib uuid.lib odbc32.lib odbccp32.lib /MANIFEST /ManifestFile:"Debug\Assignment2.exe.intermediate.manifest" /MANIFESTUAC:"level='asInvoker' uiAccess='false'" /DEBUG /PDB:"D:\Workspace\Advanced Multicore Systems\AMS\Lab2\Lab2shareable\Assignment2\Debug\Assignment2.pdb" /SUBSYSTEM:CONSOLE /TLBID:1 /DYNAMICBASE /NXCOMPAT /IMPLIB:"D:\Workspace\Advanced Multicore Systems\AMS\Lab2\Lab2shareable\Assignment2\Debug\Assignment2.lib" /MACHINE:X86 Debug\filters.cu.obj
         Debug\main.obj
         Debug\Timer.obj
     1>main.obj : warning LNK4075: ignoring '/EDITANDCONTINUE' due to '/INCREMENTAL:NO' specification
         Assignment2.vcxproj -> D:\Workspace\Advanced Multicore Systems\AMS\Lab2\Lab2shareable\Assignment2\Debug\Assignment2.exe
       Manifest:
         c:\Program Files (x86)\Microsoft SDKs\Windows\v7.0A\bin\mt.exe /nologo /verbose /outputresource:"D:\Workspace\Advanced Multicore Systems\AMS\Lab2\Lab2shareable\Assignment2\Debug\Assignment2.exe;#1" /manifest Debug\Assignment2.exe.intermediate.manifest
       PostBuildEvent:
         echo copy "C:\Program Files\NVIDIA GPU Computing Toolkit\CUDA\v7.0\bin\cudart*.dll" "D:\Workspace\Advanced Multicore Systems\AMS\Lab2\Lab2shareable\Assignment2\Debug\"
         copy "C:\Program Files\NVIDIA GPU Computing Toolkit\CUDA\v7.0\bin\cudart*.dll" "D:\Workspace\Advanced Multicore Systems\AMS\Lab2\Lab2shareable\Assignment2\Debug\"
         :VCEnd
         copy "C:\Program Files\NVIDIA GPU Computing Toolkit\CUDA\v7.0\bin\cudart*.dll" "D:\Workspace\Advanced Multicore Systems\AMS\Lab2\Lab2shareable\Assignment2\Debug\"
         C:\Program Files\NVIDIA GPU Computing Toolkit\CUDA\v7.0\bin\cudart32_70.dll
         C:\Program Files\NVIDIA GPU Computing Toolkit\CUDA\v7.0\bin\cudart64_70.dll
                 2 file(s) copied.
       FinalizeBuildStatus:
         Deleting file "Debug\Assignment2.unsuccessfulbuild".
         Touching "Debug\Assignment2.lastbuildstate".
     1>Done Building Project "D:\Workspace\Advanced Multicore Systems\AMS\Lab2\Lab2shareable\Assignment2\Assignment2\Assignment2.vcxproj" (build target(s)).

Build succeeded.

Time Elapsed 00:00:07.80
