D:\Workspace\Advanced Multicore Systems\AMS\Lab2\Lab2shareable\Assignment2\Assignment2\Debug\Assignment2.exe.embed.manifest
D:\WORKSPACE\ADVANCED MULTICORE SYSTEMS\AMS\LAB2\LAB2SHAREABLE\ASSIGNMENT2\ASSIGNMENT2\DEBUG\ASSIGNMENT2.EXE.EMBED.MANIFEST.RES
D:\WORKSPACE\ADVANCED MULTICORE SYSTEMS\AMS\LAB2\LAB2SHAREABLE\ASSIGNMENT2\ASSIGNMENT2\DEBUG\ASSIGNMENT2.EXE.INTERMEDIATE.MANIFEST
D:\Workspace\Advanced Multicore Systems\AMS\Lab2\Lab2shareable\Assignment2\Assignment2\Debug\Assignment2.write.1.tlog
D:\Workspace\Advanced Multicore Systems\AMS\Lab2\Lab2shareable\Assignment2\Assignment2\Debug\Assignment2_manifest.rc
D:\Workspace\Advanced Multicore Systems\AMS\Lab2\Lab2shareable\Assignment2\Assignment2\Debug\cl.command.1.tlog
D:\Workspace\Advanced Multicore Systems\AMS\Lab2\Lab2shareable\Assignment2\Assignment2\Debug\CL.read.1.tlog
D:\Workspace\Advanced Multicore Systems\AMS\Lab2\Lab2shareable\Assignment2\Assignment2\Debug\CL.write.1.tlog
D:\Workspace\Advanced Multicore Systems\AMS\Lab2\Lab2shareable\Assignment2\Assignment2\Debug\filters.cu.cache
D:\Workspace\Advanced Multicore Systems\AMS\Lab2\Lab2shareable\Assignment2\Assignment2\Debug\filters.cu.obj
D:\Workspace\Advanced Multicore Systems\AMS\Lab2\Lab2shareable\Assignment2\Assignment2\Debug\link.command.1.tlog
D:\Workspace\Advanced Multicore Systems\AMS\Lab2\Lab2shareable\Assignment2\Assignment2\Debug\link.read.1.tlog
D:\Workspace\Advanced Multicore Systems\AMS\Lab2\Lab2shareable\Assignment2\Assignment2\Debug\link.write.1.tlog
D:\WORKSPACE\ADVANCED MULTICORE SYSTEMS\AMS\LAB2\LAB2SHAREABLE\ASSIGNMENT2\ASSIGNMENT2\DEBUG\MAIN.OBJ
D:\Workspace\Advanced Multicore Systems\AMS\Lab2\Lab2shareable\Assignment2\Assignment2\Debug\mt.command.1.tlog
D:\Workspace\Advanced Multicore Systems\AMS\Lab2\Lab2shareable\Assignment2\Assignment2\Debug\mt.read.1.tlog
D:\Workspace\Advanced Multicore Systems\AMS\Lab2\Lab2shareable\Assignment2\Assignment2\Debug\mt.write.1.tlog
D:\Workspace\Advanced Multicore Systems\AMS\Lab2\Lab2shareable\Assignment2\Assignment2\Debug\rc.command.1.tlog
D:\Workspace\Advanced Multicore Systems\AMS\Lab2\Lab2shareable\Assignment2\Assignment2\Debug\rc.read.1.tlog
D:\Workspace\Advanced Multicore Systems\AMS\Lab2\Lab2shareable\Assignment2\Assignment2\Debug\rc.write.1.tlog
D:\WORKSPACE\ADVANCED MULTICORE SYSTEMS\AMS\LAB2\LAB2SHAREABLE\ASSIGNMENT2\ASSIGNMENT2\DEBUG\TIMER.OBJ
D:\Workspace\Advanced Multicore Systems\AMS\Lab2\Lab2shareable\Assignment2\Assignment2\Debug\vc100.idb
D:\WORKSPACE\ADVANCED MULTICORE SYSTEMS\AMS\LAB2\LAB2SHAREABLE\ASSIGNMENT2\ASSIGNMENT2\DEBUG\VC100.PDB
D:\WORKSPACE\ADVANCED MULTICORE SYSTEMS\AMS\LAB2\LAB2SHAREABLE\ASSIGNMENT2\DEBUG\ASSIGNMENT2.EXE
D:\WORKSPACE\ADVANCED MULTICORE SYSTEMS\AMS\LAB2\LAB2SHAREABLE\ASSIGNMENT2\DEBUG\ASSIGNMENT2.PDB
