Build started 5/11/2015 7:27:39 PM.
     1>Project "D:\Workspace\Advanced Multicore Systems\AMS\Lab2\workspace\HelloWorld\matrixMul\matrixMul.vcxproj" on node 2 (build target(s)).
     1>InitializeBuildStatus:
         Creating "Debug\matrixMul.unsuccessfulbuild" because "AlwaysCreate" was specified.
       AddCudaCompileDeps:
         c:\Program Files (x86)\Microsoft Visual Studio 10.0\VC\bin\cl.exe /E /nologo /showIncludes /TP /D__CUDACC__ /DWIN32 /D_DEBUG /D_CONSOLE /D_MBCS /I"C:\Program Files\NVIDIA GPU Computing Toolkit\CUDA\v7.0\include" /I"C:\Program Files\NVIDIA GPU Computing Toolkit\CUDA\v7.0\bin" /I"C:\Program Files\NVIDIA GPU Computing Toolkit\CUDA\v7.0\include" /I. /FIcuda_runtime.h /c "D:\Workspace\Advanced Multicore Systems\AMS\Lab2\examples\matrixMul\kernel.cu" 
       AddCudaCompilePropsDeps:
       Skipping target "AddCudaCompilePropsDeps" because all output files are up-to-date with respect to the input files.
       CudaBuild:
         Compiling CUDA source file ..\..\..\examples\matrixMul\kernel.cu...
         cmd.exe /C "C:\Users\Tudor\AppData\Local\Temp\tmpd5ad268770f24da38eb99f3b7f9b880b.cmd"
         "C:\Program Files\NVIDIA GPU Computing Toolkit\CUDA\v7.0\bin\nvcc.exe" -gencode=arch=compute_20,code=\"sm_20,compute_20\" --use-local-env --cl-version 2010 -ccbin "c:\Program Files (x86)\Microsoft Visual Studio 10.0\VC\bin"  -I"C:\Program Files\NVIDIA GPU Computing Toolkit\CUDA\v7.0\include" -I"C:\Program Files\NVIDIA GPU Computing Toolkit\CUDA\v7.0\include"  -G   --keep-dir Debug -maxrregcount=0  --machine 32 --compile -cudart static  -g   -DWIN32 -D_DEBUG -D_CONSOLE -D_MBCS -Xcompiler "/EHsc /W3 /nologo /Od /Zi /RTC1 /MDd  " -o Debug\kernel.cu.obj "D:\Workspace\Advanced Multicore Systems\AMS\Lab2\examples\matrixMul\kernel.cu"
         
         D:\Workspace\Advanced Multicore Systems\AMS\Lab2\workspace\HelloWorld\matrixMul>"C:\Program Files\NVIDIA GPU Computing Toolkit\CUDA\v7.0\bin\nvcc.exe" -gencode=arch=compute_20,code=\"sm_20,compute_20\" --use-local-env --cl-version 2010 -ccbin "c:\Program Files (x86)\Microsoft Visual Studio 10.0\VC\bin"  -I"C:\Program Files\NVIDIA GPU Computing Toolkit\CUDA\v7.0\include" -I"C:\Program Files\NVIDIA GPU Computing Toolkit\CUDA\v7.0\include"  -G   --keep-dir Debug -maxrregcount=0  --machine 32 --compile -cudart static  -g   -DWIN32 -D_DEBUG -D_CONSOLE -D_MBCS -Xcompiler "/EHsc /W3 /nologo /Od /Zi /RTC1 /MDd  " -o Debug\kernel.cu.obj "D:\Workspace\Advanced Multicore Systems\AMS\Lab2\examples\matrixMul\kernel.cu" 
         kernel.cu
     1>D:/Workspace/Advanced Multicore Systems/AMS/Lab2/examples/matrixMul/kernel.cu(133): warning C4018: '<' : signed/unsigned mismatch
     1>D:/Workspace/Advanced Multicore Systems/AMS/Lab2/examples/matrixMul/kernel.cu(137): warning C4018: '<' : signed/unsigned mismatch
     1>D:/Workspace/Advanced Multicore Systems/AMS/Lab2/examples/matrixMul/kernel.cu(141): warning C4018: '<' : signed/unsigned mismatch
     1>D:/Workspace/Advanced Multicore Systems/AMS/Lab2/examples/matrixMul/kernel.cu(145): warning C4018: '<' : signed/unsigned mismatch
     1>D:/Workspace/Advanced Multicore Systems/AMS/Lab2/examples/matrixMul/kernel.cu(147): warning C4018: '<' : signed/unsigned mismatch
     1>D:/Workspace/Advanced Multicore Systems/AMS/Lab2/examples/matrixMul/kernel.cu(153): warning C4018: '<' : signed/unsigned mismatch
     1>D:/Workspace/Advanced Multicore Systems/AMS/Lab2/examples/matrixMul/kernel.cu(155): warning C4018: '<' : signed/unsigned mismatch
     1>D:/Workspace/Advanced Multicore Systems/AMS/Lab2/examples/matrixMul/kernel.cu(157): warning C4305: '=' : truncation from 'double' to 'float'
     1>D:/Workspace/Advanced Multicore Systems/AMS/Lab2/examples/matrixMul/kernel.cu(163): warning C4018: '<' : signed/unsigned mismatch
     1>D:/Workspace/Advanced Multicore Systems/AMS/Lab2/examples/matrixMul/kernel.cu(165): warning C4018: '<' : signed/unsigned mismatch
     1>D:/Workspace/Advanced Multicore Systems/AMS/Lab2/examples/matrixMul/kernel.cu(168): warning C4018: '<' : signed/unsigned mismatch
       ClCompile:
         All outputs are up-to-date.
       Link:
         c:\Program Files (x86)\Microsoft Visual Studio 10.0\VC\bin\link.exe /ERRORREPORT:PROMPT /OUT:"D:\Workspace\Advanced Multicore Systems\AMS\Lab2\workspace\HelloWorld\Debug\matrixMul.exe" /INCREMENTAL:NO /NOLOGO /LIBPATH:"C:\Program Files\NVIDIA GPU Computing Toolkit\CUDA\v7.0\lib\Win32" cudart.lib kernel32.lib user32.lib gdi32.lib winspool.lib comdlg32.lib advapi32.lib shell32.lib ole32.lib oleaut32.lib uuid.lib odbc32.lib odbccp32.lib kernel32.lib user32.lib gdi32.lib winspool.lib comdlg32.lib advapi32.lib shell32.lib ole32.lib oleaut32.lib uuid.lib odbc32.lib odbccp32.lib /MANIFEST /ManifestFile:"Debug\matrixMul.exe.intermediate.manifest" /MANIFESTUAC:"level='asInvoker' uiAccess='false'" /DEBUG /PDB:"D:\Workspace\Advanced Multicore Systems\AMS\Lab2\workspace\HelloWorld\Debug\matrixMul.pdb" /SUBSYSTEM:CONSOLE /TLBID:1 /DYNAMICBASE /NXCOMPAT /IMPLIB:"D:\Workspace\Advanced Multicore Systems\AMS\Lab2\workspace\HelloWorld\Debug\matrixMul.lib" /MACHINE:X86 Debug\kernel.cu.obj
         Debug\Timer.obj
     1>Timer.obj : warning LNK4075: ignoring '/EDITANDCONTINUE' due to '/INCREMENTAL:NO' specification
         matrixMul.vcxproj -> D:\Workspace\Advanced Multicore Systems\AMS\Lab2\workspace\HelloWorld\Debug\matrixMul.exe
       Manifest:
         c:\Program Files (x86)\Microsoft SDKs\Windows\v7.0A\bin\mt.exe /nologo /verbose /outputresource:"D:\Workspace\Advanced Multicore Systems\AMS\Lab2\workspace\HelloWorld\Debug\matrixMul.exe;#1" /manifest Debug\matrixMul.exe.intermediate.manifest
       PostBuildEvent:
         echo copy "C:\Program Files\NVIDIA GPU Computing Toolkit\CUDA\v7.0\bin\cudart*.dll" "D:\Workspace\Advanced Multicore Systems\AMS\Lab2\workspace\HelloWorld\Debug\"
         copy "C:\Program Files\NVIDIA GPU Computing Toolkit\CUDA\v7.0\bin\cudart*.dll" "D:\Workspace\Advanced Multicore Systems\AMS\Lab2\workspace\HelloWorld\Debug\"
         :VCEnd
         copy "C:\Program Files\NVIDIA GPU Computing Toolkit\CUDA\v7.0\bin\cudart*.dll" "D:\Workspace\Advanced Multicore Systems\AMS\Lab2\workspace\HelloWorld\Debug\"
         C:\Program Files\NVIDIA GPU Computing Toolkit\CUDA\v7.0\bin\cudart32_70.dll
         C:\Program Files\NVIDIA GPU Computing Toolkit\CUDA\v7.0\bin\cudart64_70.dll
                 2 file(s) copied.
       FinalizeBuildStatus:
         Deleting file "Debug\matrixMul.unsuccessfulbuild".
         Touching "Debug\matrixMul.lastbuildstate".
     1>Done Building Project "D:\Workspace\Advanced Multicore Systems\AMS\Lab2\workspace\HelloWorld\matrixMul\matrixMul.vcxproj" (build target(s)).

Build succeeded.

Time Elapsed 00:00:15.09
