Build started 5/11/2015 10:55:30 AM.
     1>Project "D:\Workspace\Advanced Multicore Systems\AMS\Lab2\workspace\HelloWorld\HelloWorld\HelloWorld.vcxproj" on node 2 (build target(s)).
     1>InitializeBuildStatus:
         Touching "Debug\HelloWorld.unsuccessfulbuild".
       AddCudaCompileDeps:
       Skipping target "AddCudaCompileDeps" because all output files are up-to-date with respect to the input files.
       CudaBuild:
       Skipping target "CudaBuild" because all output files are up-to-date with respect to the input files.
       Link:
         c:\Program Files (x86)\Microsoft Visual Studio 10.0\VC\bin\link.exe /ERRORREPORT:PROMPT /OUT:"D:\Workspace\Advanced Multicore Systems\AMS\Lab2\workspace\HelloWorld\Debug\HelloWorld.exe" /INCREMENTAL:NO /NOLOGO /LIBPATH:"C:\Program Files\NVIDIA GPU Computing Toolkit\CUDA\v7.0\lib\Win32" cudart.lib kernel32.lib user32.lib gdi32.lib winspool.lib comdlg32.lib advapi32.lib shell32.lib ole32.lib oleaut32.lib uuid.lib odbc32.lib odbccp32.lib kernel32.lib user32.lib gdi32.lib winspool.lib comdlg32.lib advapi32.lib shell32.lib ole32.lib oleaut32.lib uuid.lib odbc32.lib odbccp32.lib /MANIFEST /ManifestFile:"Debug\HelloWorld.exe.intermediate.manifest" /MANIFESTUAC:"level='asInvoker' uiAccess='false'" /DEBUG /PDB:"D:\Workspace\Advanced Multicore Systems\AMS\Lab2\workspace\HelloWorld\Debug\HelloWorld.pdb" /SUBSYSTEM:CONSOLE /TLBID:1 /DYNAMICBASE /NXCOMPAT /IMPLIB:"D:\Workspace\Advanced Multicore Systems\AMS\Lab2\workspace\HelloWorld\Debug\HelloWorld.lib" /MACHINE:X86 Debug\kernel.cu.obj
         HelloWorld.vcxproj -> D:\Workspace\Advanced Multicore Systems\AMS\Lab2\workspace\HelloWorld\Debug\HelloWorld.exe
       Manifest:
         c:\Program Files (x86)\Microsoft SDKs\Windows\v7.0A\bin\mt.exe /nologo /verbose /outputresource:"D:\Workspace\Advanced Multicore Systems\AMS\Lab2\workspace\HelloWorld\Debug\HelloWorld.exe;#1" /manifest Debug\HelloWorld.exe.intermediate.manifest
       PostBuildEvent:
         echo copy "C:\Program Files\NVIDIA GPU Computing Toolkit\CUDA\v7.0\bin\cudart*.dll" "D:\Workspace\Advanced Multicore Systems\AMS\Lab2\workspace\HelloWorld\Debug\"
         copy "C:\Program Files\NVIDIA GPU Computing Toolkit\CUDA\v7.0\bin\cudart*.dll" "D:\Workspace\Advanced Multicore Systems\AMS\Lab2\workspace\HelloWorld\Debug\"
         :VCEnd
         copy "C:\Program Files\NVIDIA GPU Computing Toolkit\CUDA\v7.0\bin\cudart*.dll" "D:\Workspace\Advanced Multicore Systems\AMS\Lab2\workspace\HelloWorld\Debug\"
         C:\Program Files\NVIDIA GPU Computing Toolkit\CUDA\v7.0\bin\cudart32_70.dll
         C:\Program Files\NVIDIA GPU Computing Toolkit\CUDA\v7.0\bin\cudart64_70.dll
                 2 file(s) copied.
       FinalizeBuildStatus:
         Deleting file "Debug\HelloWorld.unsuccessfulbuild".
         Touching "Debug\HelloWorld.lastbuildstate".
     1>Done Building Project "D:\Workspace\Advanced Multicore Systems\AMS\Lab2\workspace\HelloWorld\HelloWorld\HelloWorld.vcxproj" (build target(s)).

Build succeeded.

Time Elapsed 00:00:00.62
